
Unigraphics NX V2007 / 2D Exchange

Reading part: D:\workspace\workspace\3.20qh超高音速风洞\3D\出图专用prt\ジョイント_asm1_dwg1.prt


Writing part: D:\AppData\Local\Temp\Eric09C814B6r6a9.prt

Elapsed time   :    0 minutes, 13 seconds
Actual CPU Time:    0 minutes, 14 seconds


 
	 	 Annotation Summary 
 

 
Other annotations in input Part 
-------------------------------------------------------------------------------------------------------------
Note                                           :	15
-------------------------------------------------------------------------------------------------------------
Total                                          :	15
-------------------------------------------------------------------------------------------------------------

 

 
Other annotations in output 2D Part 
-------------------------------------------------------------------------------------------------------------
Note                                           :	15
-------------------------------------------------------------------------------------------------------------
Total                                          :	15
-------------------------------------------------------------------------------------------------------------
INFO-
INFO-		Unigraphics Version NX V2007 to AutoCAD 2007
INFO-		
INFO-
INFO-		Running UGTODXF Translator .....
INFO-
INFO-		Start of Translation: Wed Aug 17 17:40:27 2022
INFO-
STATUS-		Converting D:\AppData\Local\Temp\Eric09C814B6r6a9.prt
STATUS-
SUMMARY-
SUMMARY-	Summary of Unigraphics Input Entities
SUMMARY-	For Unigraphics File: D:\AppData\Local\Temp\Eric09C814B6r6a9.prt
SUMMARY-	------------------------------------------------------------------
SUMMARY-	Entity Type					Count
SUMMARY-	------------------------------------------------------------------
SUMMARY-	Line .....................................:	3067
SUMMARY-	Point ....................................:	18
SUMMARY-	Arc ......................................:	954
SUMMARY-	Circle ...................................:	97
SUMMARY-	Conic ....................................:	34
SUMMARY-	Spline ...................................:	602
SUMMARY-	Group ....................................:	4
SUMMARY-	Note .....................................:	15
SUMMARY-	Cross Hatch ..............................:	53
SUMMARY-	------------------------------------------------------------------
SUMMARY-	Total ....................................:	4844
SUMMARY-	------------------------------------------------------------------
SUMMARY-
STATUS-
INFO-
INFO-		Writing File: D:\workspace\projectlib\3-python\ug2caxa\0.dxf
SUMMARY-	Summary of AutoCAD Output Entities
SUMMARY-	------------------------------------------------------------------
SUMMARY-	Entity Type					Count
SUMMARY-	------------------------------------------------------------------
SUMMARY-	Arc ......................................:	954
SUMMARY-	Circle ...................................:	97
SUMMARY-	Spline ...................................:	602
SUMMARY-	Point ....................................:	18
SUMMARY-	Line .....................................:	3993
SUMMARY-	Ellipse ..................................:	34
SUMMARY-	Solid 2D .................................:	4
SUMMARY-	Hatch ....................................:	53
SUMMARY-	Multiline Text ...........................:	81
SUMMARY-	Group ....................................:	4
SUMMARY-	Layout ...................................:	6
SUMMARY-	------------------------------------------------------------------
SUMMARY-	Total ....................................:	5849
SUMMARY-	------------------------------------------------------------------
SUMMARY-
INFO-
INFO-		End of Translation: Wed Aug 17 17:41:01 2022
INFO-		Translation CPU time: 0 m, 33 sINFO-
