
Unigraphics NX V2007 / 2D Exchange

Reading part: D:\workspace\workspace\3.20qh超高音速风洞\3D\出图专用prt\D0166鞍式支座_dwg1.prt


Writing part: D:\AppData\Local\Temp\Eric4B90DCDF5pj0.prt

Elapsed time   :    0 minutes,  9 seconds
Actual CPU Time:    0 minutes,  9 seconds


 
	 	 Annotation Summary 
 

 
Dimensions in input Part 
-------------------------------------------------------------------------------------------------------------
Linear                                         :	17
Radial                                         :	2
Angular                                        :	2
-------------------------------------------------------------------------------------------------------------
Total                                          :	21
-------------------------------------------------------------------------------------------------------------

 
Other annotations in input Part 
-------------------------------------------------------------------------------------------------------------
Note                                           :	13
Label                                          :	1
-------------------------------------------------------------------------------------------------------------
Total                                          :	14
-------------------------------------------------------------------------------------------------------------

 

Dimensions in output 2D Part 
-------------------------------------------------------------------------------------------------------------
Linear                                         :	15
Radial                                         :	1
Angular                                        :	2
-------------------------------------------------------------------------------------------------------------
Total                                          :	18
-------------------------------------------------------------------------------------------------------------

INFO-  Following Dimensions Exported As Grouped
-------------------------------------------------------------------------------------------------------------
Type		Dimension Value   View 	 	     Sheet 			   Reason
-------------------------------------------------------------------------------------------------------------
Radial          25.986            ORTHO@9            A2_1                         Converted object in 2D part not an arc
Linear          28                ORTHO@9            A2_1                         Association point is not within view border
Linear          160               ORTHO@9            A2_1                         Association point is not within view border
-------------------------------------------------------------------------------------------------------------

 
Other annotations in output 2D Part 
-------------------------------------------------------------------------------------------------------------
Note                                           :	13
Label                                          :	1
-------------------------------------------------------------------------------------------------------------
Total                                          :	14
-------------------------------------------------------------------------------------------------------------
INFO-
INFO-		Unigraphics Version NX V2007 to AutoCAD 2007
INFO-		
INFO-
INFO-		Running UGTODXF Translator .....
INFO-
INFO-		Start of Translation: Fri Aug 26 10:03:50 2022
INFO-
STATUS-		Converting D:\AppData\Local\Temp\Eric4B90DCDF5pj0.prt
STATUS-
----------------------------------------------------------------------------
SUMMARY-                     Warnings
----------------------------------------------------------------------------
1. Font file <\U+5B8B\U+4F53> not found.
   For text translation improvement, set environment variable DXFDWG_FONTS_DIR to directory contaning font files
   OR place this font file at location pointed to by DXFDWG_DIR.
-------------------------------End------------------------------------------

SUMMARY-
SUMMARY-	Summary of Unigraphics Input Entities
SUMMARY-	For Unigraphics File: D:\AppData\Local\Temp\Eric4B90DCDF5pj0.prt
SUMMARY-	------------------------------------------------------------------
SUMMARY-	Entity Type					Count
SUMMARY-	------------------------------------------------------------------
SUMMARY-	Line .....................................:	163
SUMMARY-	Arc ......................................:	6
SUMMARY-	Circle ...................................:	4
SUMMARY-	Conic ....................................:	21
SUMMARY-	Spline ...................................:	18
SUMMARY-	Group ....................................:	6
SUMMARY-	Note .....................................:	18
SUMMARY-	Label ....................................:	1
SUMMARY-	Cross Hatch ..............................:	7
SUMMARY-	Dimension ................................:	18
SUMMARY-	------------------------------------------------------------------
SUMMARY-	Total ....................................:	262
SUMMARY-	------------------------------------------------------------------
SUMMARY-
STATUS-
INFO-
INFO-		Writing File: D:\workspace\ug-automation\ug2caxa\0.dxf
SUMMARY-	Summary of AutoCAD Output Entities
SUMMARY-	------------------------------------------------------------------
SUMMARY-	Entity Type					Count
SUMMARY-	------------------------------------------------------------------
SUMMARY-	Arc ......................................:	8
SUMMARY-	Circle ...................................:	4
SUMMARY-	Spline ...................................:	18
SUMMARY-	Dimension ................................:	18
SUMMARY-	Line .....................................:	238
SUMMARY-	Ellipse ..................................:	21
SUMMARY-	Leader ...................................:	1
SUMMARY-	Solid 2D .................................:	37
SUMMARY-	Hatch ....................................:	7
SUMMARY-	Multiline Text ...........................:	90
SUMMARY-	Group ....................................:	6
SUMMARY-	Layout ...................................:	6
SUMMARY-	------------------------------------------------------------------
SUMMARY-	Total ....................................:	457
SUMMARY-	------------------------------------------------------------------
SUMMARY-
INFO-
INFO-		End of Translation: Fri Aug 26 10:04:23 2022
INFO-		Translation CPU time: 0 m, 34 sINFO-
