
Unigraphics NX V2007 / 2D Exchange

Reading part: D:\workspace\workspace\3.20qh超高音速风洞\3D\前导流体_dwg1.prt


Writing part: D:\AppData\Local\Temp\Eric41ECEDDF4dcr.prt

Elapsed time   :    0 minutes, 10 seconds
Actual CPU Time:    0 minutes, 10 seconds


 
	 	 Annotation Summary 
 

 
Dimensions in input Part 
-------------------------------------------------------------------------------------------------------------
Linear                                         :	18
Radial                                         :	5
Angular                                        :	1
-------------------------------------------------------------------------------------------------------------
Total                                          :	24
-------------------------------------------------------------------------------------------------------------

 
Other annotations in input Part 
-------------------------------------------------------------------------------------------------------------
Note                                           :	21
Feature Control Frame                          :	1
Datum Feature Symbol                           :	1
-------------------------------------------------------------------------------------------------------------
Total                                          :	23
-------------------------------------------------------------------------------------------------------------

 

Dimensions in output 2D Part 
-------------------------------------------------------------------------------------------------------------
Linear                                         :	18
Radial                                         :	4
Angular                                        :	1
-------------------------------------------------------------------------------------------------------------
Total                                          :	23
-------------------------------------------------------------------------------------------------------------

INFO-  Following Dimensions Exported As Grouped
-------------------------------------------------------------------------------------------------------------
Type		Dimension Value   View 	 	     Sheet 			   Reason
-------------------------------------------------------------------------------------------------------------
Radial          90.5              ORTHO@15           A2_1                         Converted object in 2D part not an arc
-------------------------------------------------------------------------------------------------------------

 
Other annotations in output 2D Part 
-------------------------------------------------------------------------------------------------------------
Note                                           :	21
Feature Control Frame                          :	1
Datum Feature Symbol                           :	1
-------------------------------------------------------------------------------------------------------------
Total                                          :	23
-------------------------------------------------------------------------------------------------------------
INFO-
INFO-		Unigraphics Version NX V2007 to AutoCAD 2007
INFO-		
INFO-
INFO-		Running UGTODXF Translator .....
INFO-
INFO-		Start of Translation: Fri Aug  5 15:35:43 2022
INFO-
STATUS-		Converting D:\AppData\Local\Temp\Eric41ECEDDF4dcr.prt
STATUS-
----------------------------------------------------------------------------
SUMMARY-                     Warnings
----------------------------------------------------------------------------
1. Font file <\U+5B8B\U+4F53> not found.
   For text translation improvement, set environment variable DXFDWG_FONTS_DIR to directory contaning font files
   OR place this font file at location pointed to by DXFDWG_DIR.
-------------------------------End------------------------------------------

SUMMARY-
SUMMARY-	Summary of Unigraphics Input Entities
SUMMARY-	For Unigraphics File: D:\AppData\Local\Temp\Eric41ECEDDF4dcr.prt
SUMMARY-	------------------------------------------------------------------
SUMMARY-	Entity Type					Count
SUMMARY-	------------------------------------------------------------------
SUMMARY-	Line .....................................:	277
SUMMARY-	Point ....................................:	7
SUMMARY-	Arc ......................................:	31
SUMMARY-	Conic ....................................:	17
SUMMARY-	Spline ...................................:	4
SUMMARY-	Group ....................................:	4
SUMMARY-	Note .....................................:	25
SUMMARY-	Cross Hatch ..............................:	5
SUMMARY-	Dimension ................................:	23
SUMMARY-	GD & T Symbol ............................:	2
SUMMARY-	------------------------------------------------------------------
SUMMARY-	Total ....................................:	395
SUMMARY-	------------------------------------------------------------------
SUMMARY-
STATUS-
INFO-
INFO-		Writing File: D:\workspace\projectlib\3-python\ug2caxa\前导流体_dwg1.dxf
SUMMARY-	Summary of AutoCAD Output Entities
SUMMARY-	------------------------------------------------------------------
SUMMARY-	Entity Type					Count
SUMMARY-	------------------------------------------------------------------
SUMMARY-	Arc ......................................:	34
SUMMARY-	Spline ...................................:	4
SUMMARY-	Dimension ................................:	23
SUMMARY-	Point ....................................:	7
SUMMARY-	Line .....................................:	404
SUMMARY-	Ellipse ..................................:	17
SUMMARY-	Leader ...................................:	2
SUMMARY-	Solid 2D .................................:	50
SUMMARY-	Hatch ....................................:	5
SUMMARY-	Multiline Text ...........................:	114
SUMMARY-	Group ....................................:	4
SUMMARY-	Layout ...................................:	6
SUMMARY-	------------------------------------------------------------------
SUMMARY-	Total ....................................:	673
SUMMARY-	------------------------------------------------------------------
SUMMARY-
INFO-
INFO-		End of Translation: Fri Aug  5 15:35:46 2022
INFO-		Translation CPU time: 0 m, 2 sINFO-
